<?xml version="1.0" encoding="UTF-8"?>
<testng-results ignored="0" total="2" passed="2" failed="0" skipped="0">
  <reporter-output>
  </reporter-output>
  <suite started-at="2023-06-12T17:16:16 EDT" name="Default suite" finished-at="2023-06-12T17:17:38 EDT" duration-ms="82161">
    <groups>
    </groups>
    <test started-at="2023-06-12T17:16:16 EDT" name="Default test" finished-at="2023-06-12T17:17:38 EDT" duration-ms="82161">
      <class name="testng.TestngAmazon">
        <test-method is-config="true" signature="initsetup()[pri:0, instance:testng.TestngAmazon@5f058f00]" started-at="2023-06-12T17:16:16 EDT" name="initsetup" finished-at="2023-06-12T17:16:33 EDT" duration-ms="16676" status="PASS">
          <reporter-output>
          </reporter-output>
        </test-method> <!-- initsetup -->
        <test-method signature="createaccount()[pri:0, instance:testng.TestngAmazon@5f058f00]" started-at="2023-06-12T17:16:33 EDT" name="createaccount" finished-at="2023-06-12T17:16:36 EDT" duration-ms="2807" status="PASS">
          <reporter-output>
          </reporter-output>
        </test-method> <!-- createaccount -->
        <test-method is-config="true" signature="close()[pri:0, instance:testng.TestngAmazon@5f058f00]" started-at="2023-06-12T17:16:36 EDT" name="close" finished-at="2023-06-12T17:16:36 EDT" duration-ms="473" status="PASS">
          <reporter-output>
          </reporter-output>
        </test-method> <!-- close -->
        <test-method is-config="true" signature="initsetup()[pri:0, instance:testng.TestngAmazon@5f058f00]" started-at="2023-06-12T17:16:36 EDT" name="initsetup" finished-at="2023-06-12T17:16:49 EDT" duration-ms="13290" status="PASS">
          <reporter-output>
          </reporter-output>
        </test-method> <!-- initsetup -->
        <test-method signature="signin()[pri:0, instance:testng.TestngAmazon@5f058f00]" started-at="2023-06-12T17:16:49 EDT" name="signin" finished-at="2023-06-12T17:17:36 EDT" duration-ms="46794" status="PASS">
          <reporter-output>
          </reporter-output>
        </test-method> <!-- signin -->
        <test-method is-config="true" signature="close()[pri:0, instance:testng.TestngAmazon@5f058f00]" started-at="2023-06-12T17:17:36 EDT" name="close" finished-at="2023-06-12T17:17:38 EDT" duration-ms="2057" status="PASS">
          <reporter-output>
          </reporter-output>
        </test-method> <!-- close -->
      </class> <!-- testng.TestngAmazon -->
    </test> <!-- Default test -->
  </suite> <!-- Default suite -->
</testng-results>
